c:\users\roger\source\repos\ping pong\x64\debug\vc143.pdb
c:\users\roger\source\repos\ping pong\x64\debug\vc143.idb
c:\users\roger\source\repos\ping pong\x64\debug\texture.obj
c:\users\roger\source\repos\ping pong\x64\debug\game_object.obj
c:\users\roger\source\repos\ping pong\x64\debug\game.obj
c:\users\roger\source\repos\ping pong\x64\debug\glad.obj
c:\users\roger\source\repos\ping pong\x64\debug\source.obj
c:\users\roger\source\repos\ping pong\x64\debug\resource_manager.obj
c:\users\roger\source\repos\ping pong\x64\debug\ball_object.obj
c:\users\roger\source\repos\ping pong\x64\debug\sprite_renderer.obj
c:\users\roger\source\repos\ping pong\x64\debug\shader.obj
c:\users\roger\source\repos\ping pong\x64\debug\resourcemanager.obj
c:\users\roger\source\repos\ping pong\x64\debug\ping pong.pdb
c:\users\roger\source\repos\ping pong\x64\debug\ball_object.nativecodeanalysis.xml
c:\users\roger\source\repos\ping pong\x64\debug\game.nativecodeanalysis.xml
c:\users\roger\source\repos\ping pong\x64\debug\game_object.nativecodeanalysis.xml
c:\users\roger\source\repos\ping pong\x64\debug\glad.nativecodeanalysis.xml
c:\users\roger\source\repos\ping pong\x64\debug\resource_manager.nativecodeanalysis.xml
c:\users\roger\source\repos\ping pong\x64\debug\shader.nativecodeanalysis.xml
c:\users\roger\source\repos\ping pong\x64\debug\source.nativecodeanalysis.xml
c:\users\roger\source\repos\ping pong\x64\debug\sprite_renderer.nativecodeanalysis.xml
c:\users\roger\source\repos\ping pong\x64\debug\texture.nativecodeanalysis.xml
c:\users\roger\source\repos\ping pong\x64\debug\vc.nativecodeanalysis.all.xml
c:\users\roger\source\repos\ping pong\x64\debug\ping pong.tlog\cl.command.1.tlog
c:\users\roger\source\repos\ping pong\x64\debug\ping pong.tlog\cl.read.1.tlog
c:\users\roger\source\repos\ping pong\x64\debug\ping pong.tlog\cl.write.1.tlog
c:\users\roger\source\repos\ping pong\x64\debug\ping pong.tlog\link.17492-cvtres.read.1.tlog
c:\users\roger\source\repos\ping pong\x64\debug\ping pong.tlog\link.17492-cvtres.write.1.tlog
c:\users\roger\source\repos\ping pong\x64\debug\ping pong.tlog\link.17492-rc.read.1.tlog
c:\users\roger\source\repos\ping pong\x64\debug\ping pong.tlog\link.17492-rc.write.1.tlog
c:\users\roger\source\repos\ping pong\x64\debug\ping pong.tlog\link.17492.read.1.tlog
c:\users\roger\source\repos\ping pong\x64\debug\ping pong.tlog\link.17492.read.2.tlog
c:\users\roger\source\repos\ping pong\x64\debug\ping pong.tlog\link.17492.write.1.tlog
c:\users\roger\source\repos\ping pong\x64\debug\ping pong.tlog\link.command.1.tlog
c:\users\roger\source\repos\ping pong\x64\debug\ping pong.tlog\link.read.1.tlog
c:\users\roger\source\repos\ping pong\x64\debug\ping pong.tlog\link.write.1.tlog
